Running: C:\Xilinx\14.7\ISE_DS\ISE\bin\nt64\unwrapped\fuse.exe -intstyle ise -incremental -lib unisims_ver -lib unimacro_ver -lib xilinxcorelib_ver -lib secureip -o C:/Users/Anformatic Golestan/Documents/Logic Circuits/06/Comprator 3 bits/Comprator/MyCom8_tb_isim_beh.exe -prj C:/Users/Anformatic Golestan/Documents/Logic Circuits/06/Comprator 3 bits/Comprator/MyCom8_tb_beh.prj work.MyCom8_tb work.glbl 
ISim P.20131013 (signature 0x7708f090)
Number of CPUs detected in this system: 12
Turning on mult-threading, number of parallel sub-compilation jobs: 24 
Determining compilation order of HDL files
Analyzing Verilog file "C:/Users/Anformatic Golestan/Documents/Logic Circuits/06/Comprator 3 bits/Comprator/MyCom3.v" into library work
Analyzing Verilog file "C:/Users/Anformatic Golestan/Documents/Logic Circuits/06/Comprator 3 bits/Comprator/MyCom8.v" into library work
Analyzing Verilog file "C:/Users/Anformatic Golestan/Documents/Logic Circuits/06/Comprator 3 bits/Comprator/MyCom8_tb.v" into library work
Analyzing Verilog file "C:/Xilinx/14.7/ISE_DS/ISE//verilog/src/glbl.v" into library work
Starting static elaboration
Completed static elaboration
Compiling module MyCom3
Compiling module MyCom8
Compiling module MyCom8_tb
Compiling module glbl
Time Resolution for simulation is 1ps.
Compiled 4 Verilog Units
Built simulation executable C:/Users/Anformatic Golestan/Documents/Logic Circuits/06/Comprator 3 bits/Comprator/MyCom8_tb_isim_beh.exe
Fuse Memory Usage: 28212 KB
Fuse CPU Usage: 421 ms
