--------------------------------------------------------------------------------
Release 14.7 Trace  (nt64)
Copyright (c) 1995-2013 Xilinx, Inc.  All rights reserved.

C:\Xilinx\14.7\ISE_DS\ISE\bin\nt64\unwrapped\trce.exe -intstyle ise -v 3 -s 2I
-n 3 -fastpaths -xml MyCom8.twx MyCom8.ncd -o MyCom8.twr MyCom8.pcf

Design file:              MyCom8.ncd
Physical constraint file: MyCom8.pcf
Device,package,speed:     xa7a100t,csg324,I,-2I (PRELIMINARY 1.07 2013-10-13)
Report level:             verbose report

Environment Variable      Effect 
--------------------      ------ 
NONE                      No environment variables were set
--------------------------------------------------------------------------------

INFO:Timing:2698 - No timing constraints found, doing default enumeration.
INFO:Timing:3412 - To improve timing, see the Timing Closure User Guide (UG612).
INFO:Timing:2752 - To get complete path coverage, use the unconstrained paths 
   option. All paths that are not constrained will be reported in the 
   unconstrained paths section(s) of the report.
INFO:Timing:3339 - The clock-to-out numbers in this timing report are based on 
   a 50 Ohm transmission line loading model.  For the details of this model, 
   and for more information on accounting for different loading conditions, 
   please see the device datasheet.



Data Sheet report:
-----------------
All values displayed in nanoseconds (ns)

Pad to Pad
---------------+---------------+---------+
Source Pad     |Destination Pad|  Delay  |
---------------+---------------+---------+
A<0>           |lt             |    7.476|
A<1>           |lt             |    7.464|
A<2>           |lt             |    7.181|
A<3>           |gt             |    6.260|
A<3>           |lt             |    7.006|
A<4>           |gt             |    6.555|
A<4>           |lt             |    5.989|
A<5>           |gt             |    6.324|
A<5>           |lt             |    6.220|
A<6>           |gt             |    6.293|
A<6>           |lt             |    7.070|
A<7>           |gt             |    5.998|
A<7>           |lt             |    6.787|
B<0>           |lt             |    7.910|
B<1>           |lt             |    7.390|
B<2>           |lt             |    7.338|
B<3>           |gt             |    6.838|
B<3>           |lt             |    6.704|
B<4>           |gt             |    6.630|
B<4>           |lt             |    6.141|
B<5>           |gt             |    6.541|
B<5>           |lt             |    5.906|
B<6>           |gt             |    6.219|
B<6>           |lt             |    7.001|
B<7>           |gt             |    6.125|
B<7>           |lt             |    6.898|
l              |lt             |    7.452|
---------------+---------------+---------+


Analysis completed Tue Nov 17 13:59:28 2020 
--------------------------------------------------------------------------------

Trace Settings:
-------------------------
Trace Settings 

Peak Memory Usage: 4949 MB



