--------------------------------------------------------------------------------
Release 14.7 Trace  (nt64)
Copyright (c) 1995-2013 Xilinx, Inc.  All rights reserved.

C:\Xilinx\14.7\ISE_DS\ISE\bin\nt64\unwrapped\trce.exe -intstyle ise -v 3 -s 2I
-n 3 -fastpaths -xml MyCom3.twx MyCom3.ncd -o MyCom3.twr MyCom3.pcf

Design file:              MyCom3.ncd
Physical constraint file: MyCom3.pcf
Device,package,speed:     xa7a100t,csg324,I,-2I (PRELIMINARY 1.07 2013-10-13)
Report level:             verbose report

Environment Variable      Effect 
--------------------      ------ 
NONE                      No environment variables were set
--------------------------------------------------------------------------------

INFO:Timing:2698 - No timing constraints found, doing default enumeration.
INFO:Timing:3412 - To improve timing, see the Timing Closure User Guide (UG612).
INFO:Timing:2752 - To get complete path coverage, use the unconstrained paths 
   option. All paths that are not constrained will be reported in the 
   unconstrained paths section(s) of the report.
INFO:Timing:3339 - The clock-to-out numbers in this timing report are based on 
   a 50 Ohm transmission line loading model.  For the details of this model, 
   and for more information on accounting for different loading conditions, 
   please see the device datasheet.



Data Sheet report:
-----------------
All values displayed in nanoseconds (ns)

Pad to Pad
---------------+---------------+---------+
Source Pad     |Destination Pad|  Delay  |
---------------+---------------+---------+
A<0>           |gt             |    6.581|
A<0>           |lt             |    6.271|
A<1>           |gt             |    5.546|
A<1>           |lt             |    5.546|
A<2>           |gt             |    5.803|
A<2>           |lt             |    6.061|
B<0>           |gt             |    6.584|
B<0>           |lt             |    6.269|
B<1>           |gt             |    5.644|
B<1>           |lt             |    5.978|
B<2>           |gt             |    6.085|
B<2>           |lt             |    5.940|
g              |gt             |    6.419|
l              |lt             |    5.921|
---------------+---------------+---------+


Analysis completed Tue Nov 17 11:58:47 2020 
--------------------------------------------------------------------------------

Trace Settings:
-------------------------
Trace Settings 

Peak Memory Usage: 4949 MB



