Release 14.7 - xst P.20131013 (nt64)
Copyright (c) 1995-2013 Xilinx, Inc.  All rights reserved.
--> Parameter TMPDIR set to xst/projnav.tmp


Total REAL time to Xst completion: 0.00 secs
Total CPU time to Xst completion: 0.09 secs
 
--> Parameter xsthdpdir set to xst


Total REAL time to Xst completion: 0.00 secs
Total CPU time to Xst completion: 0.09 secs
 
--> Reading design: adder_subtractor_fourbit_delay.prj

TABLE OF CONTENTS
  1) Synthesis Options Summary
  2) HDL Parsing
  3) HDL Elaboration
  4) HDL Synthesis
       4.1) HDL Synthesis Report
  5) Advanced HDL Synthesis
       5.1) Advanced HDL Synthesis Report
  6) Low Level Synthesis
  7) Partition Report
  8) Design Summary
       8.1) Primitive and Black Box Usage
       8.2) Device utilization summary
       8.3) Partition Resource Summary
       8.4) Timing Report
            8.4.1) Clock Information
            8.4.2) Asynchronous Control Signals Information
            8.4.3) Timing Summary
            8.4.4) Timing Details
            8.4.5) Cross Clock Domains Report


=========================================================================
*                      Synthesis Options Summary                        *
=========================================================================
---- Source Parameters
Input File Name                    : "adder_subtractor_fourbit_delay.prj"
Ignore Synthesis Constraint File   : NO

---- Target Parameters
Output File Name                   : "adder_subtractor_fourbit_delay"
Output Format                      : NGC
Target Device                      : xc7a100t-3-csg324

---- Source Options
Top Module Name                    : adder_subtractor_fourbit_delay
Automatic FSM Extraction           : YES
FSM Encoding Algorithm             : Auto
Safe Implementation                : No
FSM Style                          : LUT
RAM Extraction                     : Yes
RAM Style                          : Auto
ROM Extraction                     : Yes
Shift Register Extraction          : YES
ROM Style                          : Auto
Resource Sharing                   : YES
Asynchronous To Synchronous        : NO
Shift Register Minimum Size        : 2
Use DSP Block                      : Auto
Automatic Register Balancing       : No

---- Target Options
LUT Combining                      : Auto
Reduce Control Sets                : Auto
Add IO Buffers                     : YES
Global Maximum Fanout              : 100000
Add Generic Clock Buffer(BUFG)     : 32
Register Duplication               : YES
Optimize Instantiated Primitives   : NO
Use Clock Enable                   : Auto
Use Synchronous Set                : Auto
Use Synchronous Reset              : Auto
Pack IO Registers into IOBs        : Auto
Equivalent register Removal        : YES

---- General Options
Optimization Goal                  : Speed
Optimization Effort                : 1
Power Reduction                    : NO
Keep Hierarchy                     : No
Netlist Hierarchy                  : As_Optimized
RTL Output                         : Yes
Global Optimization                : AllClockNets
Read Cores                         : YES
Write Timing Constraints           : NO
Cross Clock Analysis               : NO
Hierarchy Separator                : /
Bus Delimiter                      : <>
Case Specifier                     : Maintain
Slice Utilization Ratio            : 100
BRAM Utilization Ratio             : 100
DSP48 Utilization Ratio            : 100
Auto BRAM Packing                  : NO
Slice Utilization Ratio Delta      : 5

=========================================================================


=========================================================================
*                          HDL Parsing                                  *
=========================================================================
Analyzing Verilog file "C:\Users\Anformatic Golestan\Documents\Logic Circuits\07\full_adder_delay.v" into library work
Parsing module <full_adder_delay>.
Analyzing Verilog file "C:\Users\Anformatic Golestan\Documents\Logic Circuits\07\addsub_delay.v" into library work
Parsing module <add_sub_delay>.
Analyzing Verilog file "C:\Users\Anformatic Golestan\Documents\Logic Circuits\07\adder_subtractor_4bit_delay.v" into library work
Parsing module <adder_subtractor_fourbit_delay>.

=========================================================================
*                            HDL Elaboration                            *
=========================================================================

Elaborating module <adder_subtractor_fourbit_delay>.

Elaborating module <add_sub_delay>.

Elaborating module <full_adder_delay>.
WARNING:HDLCompiler:1127 - "C:\Users\Anformatic Golestan\Documents\Logic Circuits\07\adder_subtractor_4bit_delay.v" Line 35: Assignment to cout ignored, since the identifier is never used

=========================================================================
*                           HDL Synthesis                               *
=========================================================================

Synthesizing Unit <adder_subtractor_fourbit_delay>.
    Related source file is "C:\Users\Anformatic Golestan\Documents\Logic Circuits\07\adder_subtractor_4bit_delay.v".
INFO:Xst:3210 - "C:\Users\Anformatic Golestan\Documents\Logic Circuits\07\adder_subtractor_4bit_delay.v" line 35: Output port <cout> of the instance <asd4> is unconnected or connected to loadless signal.
    Summary:
	no macro.
Unit <adder_subtractor_fourbit_delay> synthesized.

Synthesizing Unit <add_sub_delay>.
    Related source file is "C:\Users\Anformatic Golestan\Documents\Logic Circuits\07\addsub_delay.v".
    Summary:
Unit <add_sub_delay> synthesized.

Synthesizing Unit <full_adder_delay>.
    Related source file is "C:\Users\Anformatic Golestan\Documents\Logic Circuits\07\full_adder_delay.v".
    Summary:
Unit <full_adder_delay> synthesized.

=========================================================================
HDL Synthesis Report

Macro Statistics
# Xors                                                 : 12
 1-bit xor2                                            : 12

=========================================================================

=========================================================================
*                       Advanced HDL Synthesis                          *
=========================================================================


=========================================================================
Advanced HDL Synthesis Report

Macro Statistics
# Xors                                                 : 12
 1-bit xor2                                            : 12

=========================================================================

=========================================================================
*                         Low Level Synthesis                           *
=========================================================================

Optimizing unit <adder_subtractor_fourbit_delay> ...

Mapping all equations...
Building and optimizing final netlist ...
Found area constraint ratio of 100 (+ 5) on block adder_subtractor_fourbit_delay, actual ratio is 0.

Final Macro Processing ...

=========================================================================
Final Register Report

Found no macro
=========================================================================

=========================================================================
*                           Partition Report                            *
=========================================================================

Partition Implementation Status
-------------------------------

  No Partitions were found in this design.

-------------------------------

=========================================================================
*                            Design Summary                             *
=========================================================================

Top Level Output File Name         : adder_subtractor_fourbit_delay.ngc

Primitive and Black Box Usage:
------------------------------
# BELS                             : 5
#      LUT2                        : 1
#      LUT4                        : 1
#      LUT5                        : 2
#      LUT6                        : 1
# IO Buffers                       : 13
#      IBUF                        : 9
#      OBUF                        : 4

Device utilization summary:
---------------------------

Selected Device : 7a100tcsg324-3 


Slice Logic Utilization: 
 Number of Slice LUTs:                    5  out of  63400     0%  
    Number used as Logic:                 5  out of  63400     0%  

Slice Logic Distribution: 
 Number of LUT Flip Flop pairs used:      5
   Number with an unused Flip Flop:       5  out of      5   100%  
   Number with an unused LUT:             0  out of      5     0%  
   Number of fully used LUT-FF pairs:     0  out of      5     0%  
   Number of unique control sets:         0

IO Utilization: 
 Number of IOs:                          14
 Number of bonded IOBs:                  13  out of    210     6%  

Specific Feature Utilization:

---------------------------
Partition Resource Summary:
---------------------------

  No Partitions were found in this design.

---------------------------


=========================================================================
Timing Report

NOTE: THESE TIMING NUMBERS ARE ONLY A SYNTHESIS ESTIMATE.
      FOR ACCURATE TIMING INFORMATION PLEASE REFER TO THE TRACE REPORT
      GENERATED AFTER PLACE-and-ROUTE.

Clock Information:
------------------
No clock signals found in this design

Asynchronous Control Signals Information:
----------------------------------------
No asynchronous control signals found in this design

Timing Summary:
---------------
Speed Grade: -3

   Minimum period: No path found
   Minimum input arrival time before clock: No path found
   Maximum output required time after clock: No path found
   Maximum combinational path delay: 1.732ns

Timing Details:
---------------
All values displayed in nanoseconds (ns)

=========================================================================
Timing constraint: Default path analysis
  Total number of paths / destination ports: 25 / 4
-------------------------------------------------------------------------
Delay:               1.732ns (Levels of Logic = 4)
  Source:            sel (PAD)
  Destination:       S<3> (PAD)

  Data Path: sel to S<3>
                                Gate     Net
    Cell:in->out      fanout   Delay   Delay  Logical Name (Net Name)
    ----------------------------------------  ------------
     IBUF:I->O             4   0.001   0.697  sel_IBUF (sel_IBUF)
     LUT5:I0->O            2   0.097   0.561  asd2/f/out1 (w<1>)
     LUT6:I2->O            1   0.097   0.279  asd4/f/Mxor_Sum_xo<0>1 (S_3_OBUF)
     OBUF:I->O                 0.000          S_3_OBUF (S<3>)
    ----------------------------------------
    Total                      1.732ns (0.195ns logic, 1.537ns route)
                                       (11.3% logic, 88.7% route)

=========================================================================

Cross Clock Domains Report:
--------------------------

=========================================================================


Total REAL time to Xst completion: 6.00 secs
Total CPU time to Xst completion: 6.13 secs
 
--> 

Total memory usage is 4700596 kilobytes

Number of errors   :    0 (   0 filtered)
Number of warnings :    1 (   0 filtered)
Number of infos    :    1 (   0 filtered)

