--------------------------------------------------------------------------------
Release 14.7 Trace  (nt64)
Copyright (c) 1995-2013 Xilinx, Inc.  All rights reserved.

C:\Xilinx\14.7\ISE_DS\ISE\bin\nt64\unwrapped\trce.exe -intstyle ise -v 3 -s 2I
-n 3 -fastpaths -xml Adder_Subtractor.twx Adder_Subtractor.ncd -o
Adder_Subtractor.twr Adder_Subtractor.pcf

Design file:              Adder_Subtractor.ncd
Physical constraint file: Adder_Subtractor.pcf
Device,package,speed:     xa7a100t,csg324,I,-2I (PRELIMINARY 1.07 2013-10-13)
Report level:             verbose report

Environment Variable      Effect 
--------------------      ------ 
NONE                      No environment variables were set
--------------------------------------------------------------------------------

INFO:Timing:2698 - No timing constraints found, doing default enumeration.
INFO:Timing:3412 - To improve timing, see the Timing Closure User Guide (UG612).
INFO:Timing:2752 - To get complete path coverage, use the unconstrained paths 
   option. All paths that are not constrained will be reported in the 
   unconstrained paths section(s) of the report.
INFO:Timing:3339 - The clock-to-out numbers in this timing report are based on 
   a 50 Ohm transmission line loading model.  For the details of this model, 
   and for more information on accounting for different loading conditions, 
   please see the device datasheet.



Data Sheet report:
-----------------
All values displayed in nanoseconds (ns)

Pad to Pad
---------------+---------------+---------+
Source Pad     |Destination Pad|  Delay  |
---------------+---------------+---------+
A<0>           |S<0>           |    6.033|
A<0>           |S<1>           |    6.098|
A<0>           |S<2>           |    6.111|
A<0>           |S<3>           |    6.233|
A<0>           |cout           |    5.927|
A<1>           |S<1>           |    6.134|
A<1>           |S<2>           |    6.148|
A<1>           |S<3>           |    6.559|
A<1>           |cout           |    6.253|
A<2>           |S<2>           |    5.927|
A<2>           |S<3>           |    6.424|
A<2>           |cout           |    6.118|
A<3>           |S<3>           |    6.114|
A<3>           |cout           |    5.791|
B<0>           |S<0>           |    5.719|
B<0>           |S<1>           |    5.773|
B<0>           |S<2>           |    5.985|
B<0>           |S<3>           |    6.198|
B<0>           |cout           |    5.892|
B<1>           |S<1>           |    5.920|
B<1>           |S<2>           |    5.926|
B<1>           |S<3>           |    6.542|
B<1>           |cout           |    6.236|
B<2>           |S<2>           |    5.567|
B<2>           |S<3>           |    6.209|
B<2>           |cout           |    5.903|
B<3>           |S<3>           |    6.040|
B<3>           |cout           |    5.716|
---------------+---------------+---------+


Analysis completed Sun Nov 29 20:26:30 2020 
--------------------------------------------------------------------------------

Trace Settings:
-------------------------
Trace Settings 

Peak Memory Usage: 4951 MB



