Running: D:\appise\14.7\ISE_DS\ISE\bin\nt64\unwrapped\fuse.exe -intstyle ise -incremental -lib unisims_ver -lib unimacro_ver -lib xilinxcorelib_ver -lib secureip -o C:/Users/estinaf/Desktop/07/tb_adder_subtractor_4bit_isim_beh.exe -prj C:/Users/estinaf/Desktop/07/tb_adder_subtractor_4bit_beh.prj work.tb_adder_subtractor_4bit work.glbl 
ISim P.20131013 (signature 0x7708f090)
Number of CPUs detected in this system: 8
Turning on mult-threading, number of parallel sub-compilation jobs: 16 
Determining compilation order of HDL files
Analyzing Verilog file "C:/Users/estinaf/Desktop/07/full_adder_delay.v" into library work
Analyzing Verilog file "C:/Users/estinaf/Desktop/07/full_adder.v" into library work
Analyzing Verilog file "C:/Users/estinaf/Desktop/07/addsub_delay.v" into library work
Analyzing Verilog file "C:/Users/estinaf/Desktop/07/addsub.v" into library work
Analyzing Verilog file "C:/Users/estinaf/Desktop/07/adder_subtractor_fourbit.v" into library work
Analyzing Verilog file "C:/Users/estinaf/Desktop/07/adder_subtractor_4bit_delay.v" into library work
Analyzing Verilog file "C:/Users/estinaf/Desktop/07/tb_adder_subtractor_4bit.v" into library work
Analyzing Verilog file "D:/appise/14.7/ISE_DS/ISE//verilog/src/glbl.v" into library work
Starting static elaboration
Completed static elaboration
Compiling module full_adder
Compiling module add_sub
Compiling module adder_subtractor_fourbit
Compiling module full_adder_delay
Compiling module add_sub_delay
Compiling module adder_subtractor_fourbit_delay
Compiling module tb_adder_subtractor_4bit
Compiling module glbl
Time Resolution for simulation is 1ps.
Waiting for 1 sub-compilation(s) to finish...
Compiled 8 Verilog Units
Built simulation executable C:/Users/estinaf/Desktop/07/tb_adder_subtractor_4bit_isim_beh.exe
Fuse Memory Usage: 27860 KB
Fuse CPU Usage: 374 ms
