--------------------------------------------------------------------------------
Release 14.7 Trace  (nt64)
Copyright (c) 1995-2013 Xilinx, Inc.  All rights reserved.

C:\Xilinx\14.7\ISE_DS\ISE\bin\nt64\unwrapped\trce.exe -intstyle ise -v 3 -s 2I
-n 3 -fastpaths -xml ripple_carry_adder_subtractor.twx
ripple_carry_adder_subtractor.ncd -o ripple_carry_adder_subtractor.twr
ripple_carry_adder_subtractor.pcf

Design file:              ripple_carry_adder_subtractor.ncd
Physical constraint file: ripple_carry_adder_subtractor.pcf
Device,package,speed:     xa7a100t,csg324,I,-2I (PRELIMINARY 1.07 2013-10-13)
Report level:             verbose report

Environment Variable      Effect 
--------------------      ------ 
NONE                      No environment variables were set
--------------------------------------------------------------------------------

INFO:Timing:2698 - No timing constraints found, doing default enumeration.
INFO:Timing:3412 - To improve timing, see the Timing Closure User Guide (UG612).
INFO:Timing:2752 - To get complete path coverage, use the unconstrained paths 
   option. All paths that are not constrained will be reported in the 
   unconstrained paths section(s) of the report.
INFO:Timing:3339 - The clock-to-out numbers in this timing report are based on 
   a 50 Ohm transmission line loading model.  For the details of this model, 
   and for more information on accounting for different loading conditions, 
   please see the device datasheet.



Data Sheet report:
-----------------
All values displayed in nanoseconds (ns)

Pad to Pad
---------------+---------------+---------+
Source Pad     |Destination Pad|  Delay  |
---------------+---------------+---------+
A<0>           |C              |    6.723|
A<0>           |S<0>           |    5.744|
A<0>           |S<1>           |    6.243|
A<0>           |S<2>           |    6.433|
A<0>           |S<3>           |    6.976|
A<0>           |V              |    6.737|
A<1>           |C              |    6.589|
A<1>           |S<1>           |    6.113|
A<1>           |S<2>           |    6.299|
A<1>           |S<3>           |    6.842|
A<1>           |V              |    6.603|
A<2>           |C              |    5.651|
A<2>           |S<2>           |    5.994|
A<2>           |S<3>           |    5.913|
A<2>           |V              |    6.001|
A<3>           |C              |    5.640|
A<3>           |S<3>           |    5.773|
A<3>           |V              |    5.656|
B<0>           |C              |    6.812|
B<0>           |S<0>           |    5.976|
B<0>           |S<1>           |    6.327|
B<0>           |S<2>           |    6.522|
B<0>           |S<3>           |    7.065|
B<0>           |V              |    6.826|
B<1>           |C              |    6.671|
B<1>           |S<1>           |    6.179|
B<1>           |S<2>           |    6.381|
B<1>           |S<3>           |    6.924|
B<1>           |V              |    6.685|
B<2>           |C              |    5.831|
B<2>           |S<2>           |    6.135|
B<2>           |S<3>           |    6.220|
B<2>           |V              |    5.751|
B<3>           |C              |    5.944|
B<3>           |S<3>           |    5.538|
B<3>           |V              |    5.913|
Op             |C              |    6.696|
Op             |S<1>           |    6.221|
Op             |S<2>           |    6.406|
Op             |S<3>           |    6.949|
Op             |V              |    6.710|
---------------+---------------+---------+


Analysis completed Sun Nov 29 19:50:53 2020 
--------------------------------------------------------------------------------

Trace Settings:
-------------------------
Trace Settings 

Peak Memory Usage: 4951 MB



